WARNING: A terminally deprecated method in sun.misc.Unsafe has been called
WARNING: sun.misc.Unsafe::staticFieldBase has been called by com.google.inject.internal.aop.HiddenClassDefiner (file:/home/frederick/.m2/wrapper/dists/apache-maven-3.9.11/a2d47e15/lib/guice-5.1.0-classes.jar)
WARNING: Please consider reporting this to the maintainers of class com.google.inject.internal.aop.HiddenClassDefiner
WARNING: sun.misc.Unsafe::staticFieldBase will be removed in a future release
[INFO] Scanning for projects...
[INFO] 
[INFO] ---------------------< com.example:proyectspring >----------------------
[INFO] Building proyectspring 0.0.1-SNAPSHOT
[INFO]   from pom.xml
[INFO] --------------------------------[ jar ]---------------------------------
[INFO] 
[INFO] >>> spring-boot:3.5.7:run (default-cli) > test-compile @ proyectspring >>>
[INFO] 
[INFO] --- resources:3.3.1:resources (default-resources) @ proyectspring ---
[INFO] Copying 1 resource from src/main/resources to target/classes
[INFO] Copying 41 resources from src/main/resources to target/classes
[INFO] 
[INFO] --- compiler:3.14.1:compile (default-compile) @ proyectspring ---
[INFO] Recompiling the module because of added or removed source files.
[INFO] Compiling 34 source files with javac [debug parameters release 25] to target/classes
[INFO] 
[INFO] --- resources:3.3.1:testResources (default-testResources) @ proyectspring ---
[INFO] skip non existing resourceDirectory /home/frederick/Escritorio/pyspring/proyectspring/src/test/resources
[INFO] 
[INFO] --- compiler:3.14.1:testCompile (default-testCompile) @ proyectspring ---
[INFO] Recompiling the module because of changed dependency.
[INFO] Compiling 1 source file with javac [debug parameters release 25] to target/test-classes
[INFO] 
[INFO] <<< spring-boot:3.5.7:run (default-cli) < test-compile @ proyectspring <<<
[INFO] 
[INFO] 
[INFO] --- spring-boot:3.5.7:run (default-cli) @ proyectspring ---
[INFO] Attaching agents: []

  .   ____          _            __ _ _
 /\\ / ___'_ __ _ _(_)_ __  __ _ \ \ \ \
( ( )\___ | '_ | '_| | '_ \/ _` | \ \ \ \
 \\/  ___)| |_)| | | | | || (_| |  ) ) ) )
  '  |____| .__|_| |_|_| |_\__, | / / / /
 =========|_|==============|___/=/_/_/_/

 :: Spring Boot ::                (v3.5.7)

2025-11-16T12:31:30.343-03:00  INFO 36055 --- [proyectspring] [  restartedMain] c.e.p.ProyectspringApplication           : Starting ProyectspringApplication using Java 25 with PID 36055 (/home/frederick/Escritorio/pyspring/proyectspring/target/classes started by frederick in /home/frederick/Escritorio/pyspring/proyectspring)
2025-11-16T12:31:30.346-03:00  INFO 36055 --- [proyectspring] [  restartedMain] c.e.p.ProyectspringApplication           : No active profile set, falling back to 1 default profile: "default"
2025-11-16T12:31:30.385-03:00  INFO 36055 --- [proyectspring] [  restartedMain] .e.DevToolsPropertyDefaultsPostProcessor : Devtools property defaults active! Set 'spring.devtools.add-properties' to 'false' to disable
2025-11-16T12:31:30.386-03:00  INFO 36055 --- [proyectspring] [  restartedMain] .e.DevToolsPropertyDefaultsPostProcessor : For additional web related logging consider setting the 'logging.level.web' property to 'DEBUG'
2025-11-16T12:31:31.229-03:00  INFO 36055 --- [proyectspring] [  restartedMain] .s.d.r.c.RepositoryConfigurationDelegate : Bootstrapping Spring Data JPA repositories in DEFAULT mode.
2025-11-16T12:31:31.309-03:00  INFO 36055 --- [proyectspring] [  restartedMain] .s.d.r.c.RepositoryConfigurationDelegate : Finished Spring Data repository scanning in 63 ms. Found 4 JPA repository interfaces.
2025-11-16T12:31:31.866-03:00  INFO 36055 --- [proyectspring] [  restartedMain] o.s.b.w.embedded.tomcat.TomcatWebServer  : Tomcat initialized with port 8080 (http)
2025-11-16T12:31:31.879-03:00  INFO 36055 --- [proyectspring] [  restartedMain] o.apache.catalina.core.StandardService   : Starting service [Tomcat]
2025-11-16T12:31:31.879-03:00  INFO 36055 --- [proyectspring] [  restartedMain] o.apache.catalina.core.StandardEngine    : Starting Servlet engine: [Apache Tomcat/10.1.48]
2025-11-16T12:31:31.909-03:00  INFO 36055 --- [proyectspring] [  restartedMain] o.a.c.c.C.[Tomcat].[localhost].[/]       : Initializing Spring embedded WebApplicationContext
2025-11-16T12:31:31.910-03:00  INFO 36055 --- [proyectspring] [  restartedMain] w.s.c.ServletWebServerApplicationContext : Root WebApplicationContext: initialization completed in 1524 ms
2025-11-16T12:31:32.133-03:00  INFO 36055 --- [proyectspring] [  restartedMain] o.hibernate.jpa.internal.util.LogHelper  : HHH000204: Processing PersistenceUnitInfo [name: default]
2025-11-16T12:31:32.181-03:00  INFO 36055 --- [proyectspring] [  restartedMain] org.hibernate.Version                    : HHH000412: Hibernate ORM core version 6.6.33.Final
2025-11-16T12:31:32.208-03:00  INFO 36055 --- [proyectspring] [  restartedMain] o.h.c.internal.RegionFactoryInitiator    : HHH000026: Second-level cache disabled
2025-11-16T12:31:32.430-03:00  INFO 36055 --- [proyectspring] [  restartedMain] o.s.o.j.p.SpringPersistenceUnitInfo      : No LoadTimeWeaver setup: ignoring JPA class transformer
2025-11-16T12:31:32.454-03:00  INFO 36055 --- [proyectspring] [  restartedMain] com.zaxxer.hikari.HikariDataSource       : HikariPool-1 - Starting...
2025-11-16T12:31:32.596-03:00  INFO 36055 --- [proyectspring] [  restartedMain] com.zaxxer.hikari.pool.HikariPool        : HikariPool-1 - Added connection conn0: url=jdbc:h2:mem:testdb user=SA
2025-11-16T12:31:32.597-03:00  INFO 36055 --- [proyectspring] [  restartedMain] com.zaxxer.hikari.HikariDataSource       : HikariPool-1 - Start completed.
2025-11-16T12:31:32.616-03:00  WARN 36055 --- [proyectspring] [  restartedMain] org.hibernate.orm.deprecation            : HHH90000025: H2Dialect does not need to be specified explicitly using 'hibernate.dialect' (remove the property setting and it will be selected by default)
2025-11-16T12:31:32.634-03:00  INFO 36055 --- [proyectspring] [  restartedMain] org.hibernate.orm.connections.pooling    : HHH10001005: Database info:
	Database JDBC URL [Connecting through datasource 'HikariDataSource (HikariPool-1)']
	Database driver: undefined/unknown
	Database version: 2.3.232
	Autocommit mode: undefined/unknown
	Isolation level: undefined/unknown
	Minimum pool size: undefined/unknown
	Maximum pool size: undefined/unknown
2025-11-16T12:31:33.374-03:00  INFO 36055 --- [proyectspring] [  restartedMain] o.h.e.t.j.p.i.JtaPlatformInitiator       : HHH000489: No JTA platform available (set 'hibernate.transaction.jta.platform' to enable JTA platform integration)
2025-11-16T12:31:33.386-03:00 DEBUG 36055 --- [proyectspring] [  restartedMain] org.hibernate.SQL                        : drop table if exists configuracion_tarjetas cascade 
2025-11-16T12:31:33.390-03:00 DEBUG 36055 --- [proyectspring] [  restartedMain] org.hibernate.SQL                        : drop table if exists ingresos cascade 
2025-11-16T12:31:33.391-03:00 DEBUG 36055 --- [proyectspring] [  restartedMain] org.hibernate.SQL                        : drop table if exists ingresos_monetarios cascade 
2025-11-16T12:31:33.391-03:00 DEBUG 36055 --- [proyectspring] [  restartedMain] org.hibernate.SQL                        : drop table if exists usuarios cascade 
2025-11-16T12:31:33.395-03:00 DEBUG 36055 --- [proyectspring] [  restartedMain] org.hibernate.SQL                        : create table configuracion_tarjetas (dia_corte integer, dia_pago integer, fecha_actualizacion timestamp(6), fecha_creacion timestamp(6), id bigint generated by default as identity, usuario_id bigint not null, nombre_tarjeta varchar(255) not null, primary key (id))
2025-11-16T12:31:33.408-03:00 DEBUG 36055 --- [proyectspring] [  restartedMain] org.hibernate.SQL                        : create table ingresos (cuota_actual integer, dia_corte integer, dia_pago integer, fecha date not null, monto float(53) not null, monto_original float(53), numero_cuotas integer, created_at timestamp(6), gasto_padre_id bigint, id bigint generated by default as identity, updated_at timestamp(6), usuario_id bigint not null, categoria varchar(255) not null, descripcion varchar(255) not null, metodo_pago varchar(255) not null, nombre_tarjeta varchar(255), primary key (id))
2025-11-16T12:31:33.410-03:00 DEBUG 36055 --- [proyectspring] [  restartedMain] org.hibernate.SQL                        : create table ingresos_monetarios (fecha date not null, monto float(53) not null, fecha_creacion timestamp(6) not null, id bigint generated by default as identity, usuario_id bigint not null, categoria varchar(255), descripcion varchar(255) not null, origen varchar(255), tipo_ingreso varchar(255) not null, primary key (id))
2025-11-16T12:31:33.412-03:00 DEBUG 36055 --- [proyectspring] [  restartedMain] org.hibernate.SQL                        : create table usuarios (activo boolean, creat_at date, fecha_nacimiento date, update_at date, fecha_registro timestamp(6), id bigint generated by default as identity, apellido varchar(255), email varchar(255) unique, nombre varchar(255), pais varchar(255), palabra_seguridad varchar(255), password varchar(255), rol varchar(255), rut varchar(255), telefono varchar(255), biografia clob, primary key (id))
2025-11-16T12:31:33.414-03:00 DEBUG 36055 --- [proyectspring] [  restartedMain] org.hibernate.SQL                        : alter table if exists configuracion_tarjetas add constraint FK9ns510q8npdp0aemcdjaio4wu foreign key (usuario_id) references usuarios
2025-11-16T12:31:33.427-03:00 DEBUG 36055 --- [proyectspring] [  restartedMain] org.hibernate.SQL                        : alter table if exists ingresos add constraint FKmdb3ch0rlndu04v7rw1a9arnh foreign key (usuario_id) references usuarios
2025-11-16T12:31:33.428-03:00 DEBUG 36055 --- [proyectspring] [  restartedMain] org.hibernate.SQL                        : alter table if exists ingresos_monetarios add constraint FK5lp12oxpkxkjlxwgcy24ailf7 foreign key (usuario_id) references usuarios
2025-11-16T12:31:33.433-03:00  INFO 36055 --- [proyectspring] [  restartedMain] j.LocalContainerEntityManagerFactoryBean : Initialized JPA EntityManagerFactory for persistence unit 'default'
2025-11-16T12:31:33.833-03:00  WARN 36055 --- [proyectspring] [  restartedMain] JpaBaseConfiguration$JpaWebConfiguration : spring.jpa.open-in-view is enabled by default. Therefore, database queries may be performed during view rendering. Explicitly configure spring.jpa.open-in-view to disable this warning
2025-11-16T12:31:34.111-03:00  INFO 36055 --- [proyectspring] [  restartedMain] o.s.b.a.e.web.EndpointLinksResolver      : Exposing 1 endpoint beneath base path '/actuator'
2025-11-16T12:31:34.142-03:00  INFO 36055 --- [proyectspring] [  restartedMain] r$InitializeUserDetailsManagerConfigurer : Global AuthenticationManager configured with UserDetailsService bean with name customUserDetailsService
2025-11-16T12:31:34.441-03:00  INFO 36055 --- [proyectspring] [  restartedMain] o.s.b.a.h2.H2ConsoleAutoConfiguration    : H2 console available at '/h2-console'. Database available at 'jdbc:h2:mem:testdb'
2025-11-16T12:31:34.506-03:00  INFO 36055 --- [proyectspring] [  restartedMain] .w.s.a.s.AnnotationActionEndpointMapping : Supporting [WS-Addressing August 2004, WS-Addressing 1.0]
2025-11-16T12:31:34.541-03:00  WARN 36055 --- [proyectspring] [  restartedMain] o.s.b.d.a.OptionalLiveReloadServer       : Unable to start LiveReload server
2025-11-16T12:31:34.612-03:00  WARN 36055 --- [proyectspring] [  restartedMain] ConfigServletWebServerApplicationContext : Exception encountered during context initialization - cancelling refresh attempt: org.springframework.context.ApplicationContextException: Failed to start bean 'webServerStartStop'
2025-11-16T12:31:34.616-03:00  INFO 36055 --- [proyectspring] [  restartedMain] j.LocalContainerEntityManagerFactoryBean : Closing JPA EntityManagerFactory for persistence unit 'default'
2025-11-16T12:31:34.617-03:00 DEBUG 36055 --- [proyectspring] [  restartedMain] org.hibernate.SQL                        : drop table if exists configuracion_tarjetas cascade 
2025-11-16T12:31:34.619-03:00 DEBUG 36055 --- [proyectspring] [  restartedMain] org.hibernate.SQL                        : drop table if exists ingresos cascade 
2025-11-16T12:31:34.620-03:00 DEBUG 36055 --- [proyectspring] [  restartedMain] org.hibernate.SQL                        : drop table if exists ingresos_monetarios cascade 
2025-11-16T12:31:34.622-03:00 DEBUG 36055 --- [proyectspring] [  restartedMain] org.hibernate.SQL                        : drop table if exists usuarios cascade 
2025-11-16T12:31:34.629-03:00  WARN 36055 --- [proyectspring] [  restartedMain] o.s.b.f.support.DisposableBeanAdapter    : Invocation of destroy method failed on bean with name 'inMemoryDatabaseShutdownExecutor': org.h2.jdbc.JdbcSQLNonTransientConnectionException: La base de datos ya esta cerrada (para des-habilitar el cerrado automatico durante el shutdown de la VM, agregue ";DB_CLOSE_ON_EXIT=FALSE" a la URL de conexión)
Database is already closed (to disable automatic closing at VM shutdown, add ";DB_CLOSE_ON_EXIT=FALSE" to the db URL) [90121-232]
2025-11-16T12:31:34.630-03:00  INFO 36055 --- [proyectspring] [  restartedMain] com.zaxxer.hikari.HikariDataSource       : HikariPool-1 - Shutdown initiated...
2025-11-16T12:31:34.632-03:00  INFO 36055 --- [proyectspring] [  restartedMain] com.zaxxer.hikari.HikariDataSource       : HikariPool-1 - Shutdown completed.
2025-11-16T12:31:34.648-03:00  INFO 36055 --- [proyectspring] [  restartedMain] .s.b.a.l.ConditionEvaluationReportLogger : 

Error starting ApplicationContext. To display the condition evaluation report re-run your application with 'debug' enabled.
2025-11-16T12:31:34.665-03:00 ERROR 36055 --- [proyectspring] [  restartedMain] o.s.boot.SpringApplication               : Application run failed

org.springframework.context.ApplicationContextException: Failed to start bean 'webServerStartStop'
	at org.springframework.context.support.DefaultLifecycleProcessor.doStart(DefaultLifecycleProcessor.java:408) ~[spring-context-6.2.12.jar:6.2.12]
	at org.springframework.context.support.DefaultLifecycleProcessor.doStart(DefaultLifecycleProcessor.java:394) ~[spring-context-6.2.12.jar:6.2.12]
	at org.springframework.context.support.DefaultLifecycleProcessor$LifecycleGroup.start(DefaultLifecycleProcessor.java:586) ~[spring-context-6.2.12.jar:6.2.12]
	at java.base/java.lang.Iterable.forEach(Iterable.java:75) ~[na:na]
	at org.springframework.context.support.DefaultLifecycleProcessor.startBeans(DefaultLifecycleProcessor.java:364) ~[spring-context-6.2.12.jar:6.2.12]
	at org.springframework.context.support.DefaultLifecycleProcessor.onRefresh(DefaultLifecycleProcessor.java:310) ~[spring-context-6.2.12.jar:6.2.12]
	at org.springframework.context.support.AbstractApplicationContext.finishRefresh(AbstractApplicationContext.java:1009) ~[spring-context-6.2.12.jar:6.2.12]
	at org.springframework.context.support.AbstractApplicationContext.refresh(AbstractApplicationContext.java:630) ~[spring-context-6.2.12.jar:6.2.12]
	at org.springframework.boot.web.servlet.context.ServletWebServerApplicationContext.refresh(ServletWebServerApplicationContext.java:146) ~[spring-boot-3.5.7.jar:3.5.7]
	at org.springframework.boot.SpringApplication.refresh(SpringApplication.java:752) ~[spring-boot-3.5.7.jar:3.5.7]
	at org.springframework.boot.SpringApplication.refreshContext(SpringApplication.java:439) ~[spring-boot-3.5.7.jar:3.5.7]
	at org.springframework.boot.SpringApplication.run(SpringApplication.java:318) ~[spring-boot-3.5.7.jar:3.5.7]
	at org.springframework.boot.SpringApplication.run(SpringApplication.java:1361) ~[spring-boot-3.5.7.jar:3.5.7]
	at org.springframework.boot.SpringApplication.run(SpringApplication.java:1350) ~[spring-boot-3.5.7.jar:3.5.7]
	at com.example.proyectspring.ProyectspringApplication.main(ProyectspringApplication.java:10) ~[classes/:na]
	at java.base/jdk.internal.reflect.DirectMethodHandleAccessor.invoke(DirectMethodHandleAccessor.java:104) ~[na:na]
	at java.base/java.lang.reflect.Method.invoke(Method.java:565) ~[na:na]
	at org.springframework.boot.devtools.restart.RestartLauncher.run(RestartLauncher.java:50) ~[spring-boot-devtools-3.5.7.jar:3.5.7]
Caused by: org.springframework.boot.web.server.WebServerException: Unable to start embedded Tomcat server
	at org.springframework.boot.web.embedded.tomcat.TomcatWebServer.start(TomcatWebServer.java:251) ~[spring-boot-3.5.7.jar:3.5.7]
	at org.springframework.boot.web.servlet.context.WebServerStartStopLifecycle.start(WebServerStartStopLifecycle.java:44) ~[spring-boot-3.5.7.jar:3.5.7]
	at org.springframework.context.support.DefaultLifecycleProcessor.doStart(DefaultLifecycleProcessor.java:405) ~[spring-context-6.2.12.jar:6.2.12]
	... 17 common frames omitted
Caused by: java.lang.IllegalArgumentException: standardService.connector.startFailed
	at org.apache.catalina.core.StandardService.addConnector(StandardService.java:220) ~[tomcat-embed-core-10.1.48.jar:10.1.48]
	at org.springframework.boot.web.embedded.tomcat.TomcatWebServer.addPreviouslyRemovedConnectors(TomcatWebServer.java:310) ~[spring-boot-3.5.7.jar:3.5.7]
	at org.springframework.boot.web.embedded.tomcat.TomcatWebServer.start(TomcatWebServer.java:236) ~[spring-boot-3.5.7.jar:3.5.7]
	... 19 common frames omitted
Caused by: org.apache.catalina.LifecycleException: Protocol handler start failed
	at org.apache.catalina.connector.Connector.startInternal(Connector.java:1104) ~[tomcat-embed-core-10.1.48.jar:10.1.48]
	at org.apache.catalina.util.LifecycleBase.start(LifecycleBase.java:164) ~[tomcat-embed-core-10.1.48.jar:10.1.48]
	at org.apache.catalina.core.StandardService.addConnector(StandardService.java:217) ~[tomcat-embed-core-10.1.48.jar:10.1.48]
	... 21 common frames omitted
Caused by: java.net.BindException: La dirección ya se está usando
	at java.base/sun.nio.ch.Net.bind0(Native Method) ~[na:na]
	at java.base/sun.nio.ch.Net.bind(Net.java:522) ~[na:na]
	at java.base/sun.nio.ch.ServerSocketChannelImpl.netBind(ServerSocketChannelImpl.java:335) ~[na:na]
	at java.base/sun.nio.ch.ServerSocketChannelImpl.bind(ServerSocketChannelImpl.java:297) ~[na:na]
	at org.apache.tomcat.util.net.NioEndpoint.initServerSocket(NioEndpoint.java:264) ~[tomcat-embed-core-10.1.48.jar:10.1.48]
	at org.apache.tomcat.util.net.NioEndpoint.bind(NioEndpoint.java:219) ~[tomcat-embed-core-10.1.48.jar:10.1.48]
	at org.apache.tomcat.util.net.AbstractEndpoint.bindWithCleanup(AbstractEndpoint.java:1398) ~[tomcat-embed-core-10.1.48.jar:10.1.48]
	at org.apache.tomcat.util.net.AbstractEndpoint.start(AbstractEndpoint.java:1481) ~[tomcat-embed-core-10.1.48.jar:10.1.48]
	at org.apache.coyote.AbstractProtocol.start(AbstractProtocol.java:644) ~[tomcat-embed-core-10.1.48.jar:10.1.48]
	at org.apache.catalina.connector.Connector.startInternal(Connector.java:1101) ~[tomcat-embed-core-10.1.48.jar:10.1.48]
	... 23 common frames omitted

[INFO] ------------------------------------------------------------------------
[INFO] BUILD SUCCESS
[INFO] ------------------------------------------------------------------------
[INFO] Total time:  8.238 s
[INFO] Finished at: 2025-11-16T12:31:34-03:00
[INFO] ------------------------------------------------------------------------
